# JRE version: OpenJDK Runtime Environment (17.0.6) (build 17.0.6+0-b2043.56-10027231)
# Java VM: OpenJDK 64-Bit Server VM (17.0.6+0-b2043.56-10027231, mixed mode, tiered, compressed oops, compressed class ptrs, g1 gc, windows-amd64)
GC Precious Log:
 CPUs: 8 total, 8 available
 Memory: 8056M
 Large Page Support: Disabled
 NUMA Support: Disabled
 Compressed Oops: Enabled (32-bit)
 Heap Region Size: 1M
 Heap Min Capacity: 8M
 Heap Initial Capacity: 126M
 Heap Max Capacity: 2G
 Pre-touch: Disabled
 Parallel Workers: 8
 Concurrent Workers: 2
 Concurrent Refinement Workers: 8
 Periodic GC: Disabled
Heap:
 garbage-first heap   total 193536K, used 109795K [0x0000000080000000, 0x0000000100000000)
  region size 1024K, 5 young (5120K), 5 survivors (5120K)
 Metaspace       used 109856K, committed 110592K, reserved 1146880K
  class space    used 14826K, committed 15168K, reserved 1048576K
GC Heap History (20 events):
Event: 29.763 GC heap after
{Heap after GC invocations=41 (full 0):
 garbage-first heap   total 165888K, used 86835K [0x0000000080000000, 0x0000000100000000)
  region size 1024K, 4 young (4096K), 4 survivors (4096K)
 Metaspace       used 99181K, committed 99904K, reserved 1138688K
  class space    used 13528K, committed 13888K, reserved 1048576K
}
Event: 32.709 GC heap before
{Heap before GC invocations=41 (full 0):
 garbage-first heap   total 165888K, used 132915K [0x0000000080000000, 0x0000000100000000)
  region size 1024K, 49 young (50176K), 4 survivors (4096K)
 Metaspace       used 100923K, committed 101696K, reserved 1138688K
  class space    used 13847K, committed 14208K, reserved 1048576K
}
Event: 32.717 GC heap after
{Heap after GC invocations=42 (full 0):
 garbage-first heap   total 165888K, used 91467K [0x0000000080000000, 0x0000000100000000)
  region size 1024K, 7 young (7168K), 7 survivors (7168K)
 Metaspace       used 100923K, committed 101696K, reserved 1138688K
  class space    used 13847K, committed 14208K, reserved 1048576K
}
Event: 35.248 GC heap before
{Heap before GC invocations=42 (full 0):
 garbage-first heap   total 165888K, used 116043K [0x0000000080000000, 0x0000000100000000)
  region size 1024K, 33 young (33792K), 7 survivors (7168K)
 Metaspace       used 101472K, committed 102208K, reserved 1138688K
  class space    used 13909K, committed 14272K, reserved 1048576K
}
Event: 35.320 GC heap after
{Heap after GC invocations=43 (full 0):
 garbage-first heap   total 165888K, used 94369K [0x0000000080000000, 0x0000000100000000)
  region size 1024K, 3 young (3072K), 3 survivors (3072K)
 Metaspace       used 101472K, committed 102208K, reserved 1138688K
  class space    used 13909K, committed 14272K, reserved 1048576K
}
Event: 38.914 GC heap before
{Heap before GC invocations=44 (full 0):
 garbage-first heap   total 165888K, used 137377K [0x0000000080000000, 0x0000000100000000)
  region size 1024K, 43 young (44032K), 3 survivors (3072K)
 Metaspace       used 105100K, committed 105792K, reserved 1146880K
  class space    used 14323K, committed 14656K, reserved 1048576K
}
Event: 38.923 GC heap after
{Heap after GC invocations=45 (full 0):
 garbage-first heap   total 165888K, used 109101K [0x0000000080000000, 0x0000000100000000)
  region size 1024K, 6 young (6144K), 6 survivors (6144K)
 Metaspace       used 105100K, committed 105792K, reserved 1146880K
  class space    used 14323K, committed 14656K, reserved 1048576K
}
Event: 38.952 GC heap before
{Heap before GC invocations=45 (full 0):
 garbage-first heap   total 165888K, used 111149K [0x0000000080000000, 0x0000000100000000)
  region size 1024K, 8 young (8192K), 6 survivors (6144K)
 Metaspace       used 105158K, committed 105856K, reserved 1146880K
  class space    used 14330K, committed 14656K, reserved 1048576K
}
Event: 38.957 GC heap after
{Heap after GC invocations=46 (full 0):
 garbage-first heap   total 165888K, used 110833K [0x0000000080000000, 0x0000000100000000)
  region size 1024K, 1 young (1024K), 1 survivors (1024K)
 Metaspace       used 105158K, committed 105856K, reserved 1146880K
  class space    used 14330K, committed 14656K, reserved 1048576K
}
Event: 39.815 GC heap before
{Heap before GC invocations=46 (full 0):
 garbage-first heap   total 165888K, used 147697K [0x0000000080000000, 0x0000000100000000)
  region size 1024K, 21 young (21504K), 1 survivors (1024K)
 Metaspace       used 106740K, committed 107520K, reserved 1146880K
  class space    used 14485K, committed 14848K, reserved 1048576K
}
Event: 39.820 GC heap after
{Heap after GC invocations=47 (full 0):
 garbage-first heap   total 165888K, used 114244K [0x0000000080000000, 0x0000000100000000)
  region size 1024K, 3 young (3072K), 3 survivors (3072K)
 Metaspace       used 106740K, committed 107520K, reserved 1146880K
  class space    used 14485K, committed 14848K, reserved 1048576K
}
Event: 41.238 GC heap before
{Heap before GC invocations=47 (full 0):
 garbage-first heap   total 165888K, used 132676K [0x0000000080000000, 0x0000000100000000)
  region size 1024K, 22 young (22528K), 3 survivors (3072K)
 Metaspace       used 108026K, committed 108736K, reserved 1146880K
  class space    used 14626K, committed 14976K, reserved 1048576K
}
Event: 41.242 GC heap after
{Heap after GC invocations=48 (full 0):
 garbage-first heap   total 165888K, used 115906K [0x0000000080000000, 0x0000000100000000)
  region size 1024K, 2 young (2048K), 2 survivors (2048K)
 Metaspace       used 108026K, committed 108736K, reserved 1146880K
  class space    used 14626K, committed 14976K, reserved 1048576K
}
Event: 42.329 GC heap before
{Heap before GC invocations=48 (full 0):
 garbage-first heap   total 165888K, used 134338K [0x0000000080000000, 0x0000000100000000)
  region size 1024K, 21 young (21504K), 2 survivors (2048K)
 Metaspace       used 108282K, committed 109056K, reserved 1146880K
  class space    used 14649K, committed 15040K, reserved 1048576K
}
Event: 42.332 GC heap after
{Heap after GC invocations=49 (full 0):
 garbage-first heap   total 165888K, used 117008K [0x0000000080000000, 0x0000000100000000)
  region size 1024K, 3 young (3072K), 3 survivors (3072K)
 Metaspace       used 108282K, committed 109056K, reserved 1146880K
  class space    used 14649K, committed 15040K, reserved 1048576K
}
Event: 42.713 GC heap before
{Heap before GC invocations=50 (full 0):
 garbage-first heap   total 193536K, used 126224K [0x0000000080000000, 0x0000000100000000)
  region size 1024K, 23 young (23552K), 3 survivors (3072K)
 Metaspace       used 108605K, committed 109376K, reserved 1146880K
  class space    used 14669K, committed 15040K, reserved 1048576K
}
Event: 42.720 GC heap after
{Heap after GC invocations=51 (full 0):
 garbage-first heap   total 193536K, used 108270K [0x0000000080000000, 0x0000000100000000)
  region size 1024K, 3 young (3072K), 3 survivors (3072K)
 Metaspace       used 108605K, committed 109376K, reserved 1146880K
  class space    used 14669K, committed 15040K, reserved 1048576K
}
Event: 42.807 GC heap before
{Heap before GC invocations=51 (full 0):
 garbage-first heap   total 193536K, used 113390K [0x0000000080000000, 0x0000000100000000)
  region size 1024K, 9 young (9216K), 3 survivors (3072K)
 Metaspace       used 108771K, committed 109504K, reserved 1146880K
  class space    used 14689K, committed 15040K, reserved 1048576K
}
Event: 42.811 GC heap after
{Heap after GC invocations=52 (full 0):
 garbage-first heap   total 193536K, used 106783K [0x0000000080000000, 0x0000000100000000)
  region size 1024K, 2 young (2048K), 2 survivors (2048K)
 Metaspace       used 108771K, committed 109504K, reserved 1146880K
  class space    used 14689K, committed 15040K, reserved 1048576K
}
Event: 49.686 GC heap before
{Heap before GC invocations=52 (full 0):
 garbage-first heap   total 193536K, used 155935K [0x0000000080000000, 0x0000000100000000)
  region size 1024K, 51 young (52224K), 2 survivors (2048K)
 Metaspace       used 109856K, committed 110592K, reserved 1146880K
  class space    used 14826K, committed 15168K, reserved 1048576K
}

